  ExperimentationNo2.cpp
d:\winrt-2019\sarveshchougule\forsir\client\experimentationno2\experimentationno2.cpp(108): warning C4101: 'Y': unreferenced local variable
d:\winrt-2019\sarveshchougule\forsir\client\experimentationno2\experimentationno2.cpp(108): warning C4101: 'X': unreferenced local variable
d:\winrt-2019\sarveshchougule\forsir\client\experimentationno2\experimentationno2.cpp(735): warning C4101: 'stryear': unreferenced local variable
d:\winrt-2019\sarveshchougule\forsir\client\experimentationno2\experimentationno2.cpp(735): warning C4101: 'strmonth': unreferenced local variable
d:\winrt-2019\sarveshchougule\forsir\client\experimentationno2\experimentationno2.cpp(735): warning C4101: 'strday': unreferenced local variable
d:\winrt-2019\sarveshchougule\forsir\client\experimentationno2\experimentationno2.cpp(735): warning C4101: 'strmstatus': unreferenced local variable
d:\winrt-2019\sarveshchougule\forsir\client\experimentationno2\experimentationno2.cpp(735): warning C4101: 'strage': unreferenced local variable
d:\winrt-2019\sarveshchougule\forsir\client\experimentationno2\experimentationno2.cpp(728): warning C4101: 'hwndList': unreferenced local variable
d:\winrt-2019\sarveshchougule\forsir\client\experimentationno2\experimentationno2.cpp(735): warning C4101: 'straddress': unreferenced local variable
d:\winrt-2019\sarveshchougule\forsir\client\experimentationno2\experimentationno2.cpp(733): warning C4101: 'salps': unreferenced local variable
d:\winrt-2019\sarveshchougule\forsir\client\experimentationno2\experimentationno2.cpp(735): warning C4101: 'strsalary': unreferenced local variable
d:\winrt-2019\sarveshchougule\forsir\client\experimentationno2\experimentationno2.cpp(733): warning C4101: 'salrs': unreferenced local variable
d:\winrt-2019\sarveshchougule\forsir\client\experimentationno2\experimentationno2.cpp(731): warning C4101: 'igendstatus': unreferenced local variable
d:\winrt-2019\sarveshchougule\forsir\client\experimentationno2\experimentationno2.cpp(735): warning C4101: 'strgender': unreferenced local variable
d:\winrt-2019\sarveshchougule\forsir\client\experimentationno2\experimentationno2.cpp(731): warning C4101: 'imstatus': unreferenced local variable
d:\winrt-2019\sarveshchougule\forsir\client\experimentationno2\experimentationno2.cpp(735): warning C4101: 'strdepartment': unreferenced local variable
d:\winrt-2019\sarveshchougule\forsir\client\experimentationno2\experimentationno2.cpp(725): warning C4101: 'lvItems': unreferenced local variable
d:\winrt-2019\sarveshchougule\forsir\client\experimentationno2\experimentationno2.cpp(724): warning C4101: 'lplvfindinfo': unreferenced local variable
d:\winrt-2019\sarveshchougule\forsir\client\experimentationno2\experimentationno2.cpp(732): warning C4101: 'fsalary': unreferenced local variable
d:\winrt-2019\sarveshchougule\forsir\client\experimentationno2\experimentationno2.cpp(973): warning C4101: 'strRead': unreferenced local variable
d:\winrt-2019\sarveshchougule\forsir\client\experimentationno2\experimentationno2.cpp(967): warning C4101: 'strT': unreferenced local variable
d:\winrt-2019\sarveshchougule\forsir\client\experimentationno2\experimentationno2.cpp(967): warning C4101: 'strR': unreferenced local variable
d:\winrt-2019\sarveshchougule\forsir\client\experimentationno2\experimentationno2.cpp(1257): warning C4101: 'strT': unreferenced local variable
d:\winrt-2019\sarveshchougule\forsir\client\experimentationno2\experimentationno2.cpp(1257): warning C4101: 'strR': unreferenced local variable
d:\winrt-2019\sarveshchougule\forsir\client\experimentationno2\experimentationno2.cpp(1259): warning C4101: 'resultDateOfJoin': unreferenced local variable
d:\winrt-2019\sarveshchougule\forsir\client\experimentationno2\experimentationno2.cpp(1259): warning C4101: 'resultName': unreferenced local variable
DialogDisplay.rc(44): warning RC4206: title string too long; truncated at 256
  
DialogDisplay.rc(50): warning RC4206: title string too long; truncated at 256
  
  Generating code
  All 15 functions were compiled because no usable IPDB/IOBJ from previous compilation was found.
  Finished generating code
  ExperimentationNo2.vcxproj -> D:\WinRT-2019\SarveshChougule\ForSir\Client\ExperimentationNo2\Release\ExperimentationNo2.exe
