c:\projects\01_ide\visual studio 2017\win 32 sdk\experimentationno2\release\vc141.pdb
c:\projects\01_ide\visual studio 2017\win 32 sdk\experimentationno2\release\experimentationno2.obj
d:\winrt-2019\sarveshchougule\forsir\client\experimentationno2\release\vc141.pdb
d:\winrt-2019\sarveshchougule\forsir\client\experimentationno2\release\experimentationno2.obj
c:\projects\01_ide\visual studio 2017\win 32 sdk\experimentationno2\release\experimentationno2.ipdb
c:\projects\01_ide\visual studio 2017\win 32 sdk\experimentationno2\release\experimentationno2.iobj
d:\winrt-2019\sarveshchougule\forsir\client\experimentationno2\release\experimentationno2.ipdb
d:\winrt-2019\sarveshchougule\forsir\client\experimentationno2\release\experimentationno2.iobj
c:\projects\01_ide\visual studio 2017\win 32 sdk\experimentationno2\release\experimentationno2.exe
c:\projects\01_ide\visual studio 2017\win 32 sdk\experimentationno2\release\experimentationno2.pdb
d:\winrt-2019\sarveshchougule\forsir\client\experimentationno2\release\experimentationno2.exe
d:\winrt-2019\sarveshchougule\forsir\client\experimentationno2\release\experimentationno2.pdb
c:\projects\01_ide\visual studio 2017\win 32 sdk\experimentationno2\release\dialogdisplay.res
c:\projects\01_ide\visual studio 2017\win 32 sdk\experimentationno2\release\dialogmenu.res
c:\projects\01_ide\visual studio 2017\win 32 sdk\experimentationno2\release\mydialog.res
c:\projects\01_ide\visual studio 2017\win 32 sdk\experimentationno2\release\mysplashscreen.res
d:\winrt-2019\sarveshchougule\forsir\client\experimentationno2\release\dialogdisplay.res
d:\winrt-2019\sarveshchougule\forsir\client\experimentationno2\release\dialogmenu.res
d:\winrt-2019\sarveshchougule\forsir\client\experimentationno2\release\mydialog.res
d:\winrt-2019\sarveshchougule\forsir\client\experimentationno2\release\mysplashscreen.res
d:\winrt-2019\sarveshchougule\forsir\client\experimentationno2\release\experime.484f1275.tlog\cl.command.1.tlog
d:\winrt-2019\sarveshchougule\forsir\client\experimentationno2\release\experime.484f1275.tlog\cl.read.1.tlog
d:\winrt-2019\sarveshchougule\forsir\client\experimentationno2\release\experime.484f1275.tlog\cl.write.1.tlog
d:\winrt-2019\sarveshchougule\forsir\client\experimentationno2\release\experime.484f1275.tlog\experimentationno2.write.1u.tlog
d:\winrt-2019\sarveshchougule\forsir\client\experimentationno2\release\experime.484f1275.tlog\link.command.1.tlog
d:\winrt-2019\sarveshchougule\forsir\client\experimentationno2\release\experime.484f1275.tlog\link.read.1.tlog
d:\winrt-2019\sarveshchougule\forsir\client\experimentationno2\release\experime.484f1275.tlog\link.write.1.tlog
d:\winrt-2019\sarveshchougule\forsir\client\experimentationno2\release\experime.484f1275.tlog\rc.command.1.tlog
d:\winrt-2019\sarveshchougule\forsir\client\experimentationno2\release\experime.484f1275.tlog\rc.read.1.tlog
d:\winrt-2019\sarveshchougule\forsir\client\experimentationno2\release\experime.484f1275.tlog\rc.write.1.tlog
