d:\winrt-2019\winrt-2019\project\sarveshchougule\forsir\client\experimentationno2\release\vc141.pdb
d:\winrt-2019\winrt-2019\project\sarveshchougule\forsir\client\experimentationno2\release\client.obj
d:\winrt-2019\winrt-2019\project\sarveshchougule\forsir\client\experimentationno2\release\client.ipdb
d:\winrt-2019\winrt-2019\project\sarveshchougule\forsir\client\experimentationno2\release\client.iobj
d:\winrt-2019\winrt-2019\project\sarveshchougule\forsir\client\experimentationno2\release\client.exe
d:\winrt-2019\winrt-2019\project\sarveshchougule\forsir\client\experimentationno2\release\client.pdb
d:\winrt-2019\winrt-2019\project\sarveshchougule\forsir\client\experimentationno2\release\dialogdisplay.res
d:\winrt-2019\winrt-2019\project\sarveshchougule\forsir\client\experimentationno2\release\dialogmenu.res
d:\winrt-2019\winrt-2019\project\sarveshchougule\forsir\client\experimentationno2\release\mydialog.res
d:\winrt-2019\winrt-2019\project\sarveshchougule\forsir\client\experimentationno2\release\mysplashscreen.res
d:\winrt-2019\winrt-2019\project\sarveshchougule\forsir\client\experimentationno2\release\client.tlog\cl.command.1.tlog
d:\winrt-2019\winrt-2019\project\sarveshchougule\forsir\client\experimentationno2\release\client.tlog\cl.read.1.tlog
d:\winrt-2019\winrt-2019\project\sarveshchougule\forsir\client\experimentationno2\release\client.tlog\cl.write.1.tlog
d:\winrt-2019\winrt-2019\project\sarveshchougule\forsir\client\experimentationno2\release\client.tlog\client.write.1u.tlog
d:\winrt-2019\winrt-2019\project\sarveshchougule\forsir\client\experimentationno2\release\client.tlog\link.command.1.tlog
d:\winrt-2019\winrt-2019\project\sarveshchougule\forsir\client\experimentationno2\release\client.tlog\link.read.1.tlog
d:\winrt-2019\winrt-2019\project\sarveshchougule\forsir\client\experimentationno2\release\client.tlog\link.write.1.tlog
d:\winrt-2019\winrt-2019\project\sarveshchougule\forsir\client\experimentationno2\release\client.tlog\rc.command.1.tlog
d:\winrt-2019\winrt-2019\project\sarveshchougule\forsir\client\experimentationno2\release\client.tlog\rc.read.1.tlog
d:\winrt-2019\winrt-2019\project\sarveshchougule\forsir\client\experimentationno2\release\client.tlog\rc.write.1.tlog
