C:\Program Files (x86)\Microsoft Visual Studio\2017\Professional\Common7\IDE\VC\VCTargets\Microsoft.CppBuild.targets(391,5): warning MSB8028: The intermediate directory (Release\) contains files shared from another project (ExperimentationNo2.vcxproj).  This can lead to incorrect clean and rebuild behavior.
  Client.cpp
d:\winrt-2019\winrt-2019\project\sarveshchougule\forsir\client\experimentationno2\client.cpp(105): warning C4101: 'Y': unreferenced local variable
d:\winrt-2019\winrt-2019\project\sarveshchougule\forsir\client\experimentationno2\client.cpp(105): warning C4101: 'X': unreferenced local variable
d:\winrt-2019\winrt-2019\project\sarveshchougule\forsir\client\experimentationno2\client.cpp(607): warning C4101: 'stryear': unreferenced local variable
d:\winrt-2019\winrt-2019\project\sarveshchougule\forsir\client\experimentationno2\client.cpp(607): warning C4101: 'strmonth': unreferenced local variable
d:\winrt-2019\winrt-2019\project\sarveshchougule\forsir\client\experimentationno2\client.cpp(607): warning C4101: 'strday': unreferenced local variable
d:\winrt-2019\winrt-2019\project\sarveshchougule\forsir\client\experimentationno2\client.cpp(607): warning C4101: 'strmstatus': unreferenced local variable
d:\winrt-2019\winrt-2019\project\sarveshchougule\forsir\client\experimentationno2\client.cpp(607): warning C4101: 'strage': unreferenced local variable
d:\winrt-2019\winrt-2019\project\sarveshchougule\forsir\client\experimentationno2\client.cpp(601): warning C4101: 'hwndList': unreferenced local variable
d:\winrt-2019\winrt-2019\project\sarveshchougule\forsir\client\experimentationno2\client.cpp(607): warning C4101: 'straddress': unreferenced local variable
d:\winrt-2019\winrt-2019\project\sarveshchougule\forsir\client\experimentationno2\client.cpp(606): warning C4101: 'salps': unreferenced local variable
d:\winrt-2019\winrt-2019\project\sarveshchougule\forsir\client\experimentationno2\client.cpp(607): warning C4101: 'strsalary': unreferenced local variable
d:\winrt-2019\winrt-2019\project\sarveshchougule\forsir\client\experimentationno2\client.cpp(606): warning C4101: 'salrs': unreferenced local variable
d:\winrt-2019\winrt-2019\project\sarveshchougule\forsir\client\experimentationno2\client.cpp(604): warning C4101: 'igendstatus': unreferenced local variable
d:\winrt-2019\winrt-2019\project\sarveshchougule\forsir\client\experimentationno2\client.cpp(607): warning C4101: 'strgender': unreferenced local variable
d:\winrt-2019\winrt-2019\project\sarveshchougule\forsir\client\experimentationno2\client.cpp(604): warning C4101: 'imstatus': unreferenced local variable
d:\winrt-2019\winrt-2019\project\sarveshchougule\forsir\client\experimentationno2\client.cpp(607): warning C4101: 'strdepartment': unreferenced local variable
d:\winrt-2019\winrt-2019\project\sarveshchougule\forsir\client\experimentationno2\client.cpp(598): warning C4101: 'lvItems': unreferenced local variable
d:\winrt-2019\winrt-2019\project\sarveshchougule\forsir\client\experimentationno2\client.cpp(597): warning C4101: 'lplvfindinfo': unreferenced local variable
d:\winrt-2019\winrt-2019\project\sarveshchougule\forsir\client\experimentationno2\client.cpp(605): warning C4101: 'fsalary': unreferenced local variable
d:\winrt-2019\winrt-2019\project\sarveshchougule\forsir\client\experimentationno2\client.cpp(794): warning C4101: 'strRead': unreferenced local variable
d:\winrt-2019\winrt-2019\project\sarveshchougule\forsir\client\experimentationno2\client.cpp(788): warning C4101: 'strT': unreferenced local variable
d:\winrt-2019\winrt-2019\project\sarveshchougule\forsir\client\experimentationno2\client.cpp(788): warning C4101: 'strR': unreferenced local variable
d:\winrt-2019\winrt-2019\project\sarveshchougule\forsir\client\experimentationno2\client.cpp(949): warning C4101: 'strT': unreferenced local variable
d:\winrt-2019\winrt-2019\project\sarveshchougule\forsir\client\experimentationno2\client.cpp(949): warning C4101: 'strR': unreferenced local variable
d:\winrt-2019\winrt-2019\project\sarveshchougule\forsir\client\experimentationno2\client.cpp(951): warning C4101: 'resultDateOfJoin': unreferenced local variable
d:\winrt-2019\winrt-2019\project\sarveshchougule\forsir\client\experimentationno2\client.cpp(951): warning C4101: 'resultName': unreferenced local variable
DialogDisplay.rc(44): warning RC4206: title string too long; truncated at 256
  
DialogDisplay.rc(50): warning RC4206: title string too long; truncated at 256
  
  Generating code
  All 17 functions were compiled because no usable IPDB/IOBJ from previous compilation was found.
  Finished generating code
  ExperimentationNo2.vcxproj -> D:\WinRT-2019\WinRT-2019\Project\SarveshChougule\ForSir\Client\ExperimentationNo2\Release\Client.exe
