d:\winrt-2019\winrt-2019\project\sarveshchougule\forsir\client\experimentationno2\debug\vc141.pdb
d:\winrt-2019\winrt-2019\project\sarveshchougule\forsir\client\experimentationno2\debug\vc141.idb
d:\winrt-2019\winrt-2019\project\sarveshchougule\forsir\client\experimentationno2\debug\client.obj
d:\winrt-2019\winrt-2019\project\sarveshchougule\forsir\client\experimentationno2\debug\client.ilk
d:\winrt-2019\winrt-2019\project\sarveshchougule\forsir\client\experimentationno2\debug\client.exe
d:\winrt-2019\winrt-2019\project\sarveshchougule\forsir\client\experimentationno2\debug\client.pdb
d:\winrt-2019\winrt-2019\project\sarveshchougule\forsir\client\experimentationno2\debug\dialogdisplay.res
d:\winrt-2019\winrt-2019\project\sarveshchougule\forsir\client\experimentationno2\debug\dialogmenu.res
d:\winrt-2019\winrt-2019\project\sarveshchougule\forsir\client\experimentationno2\debug\mydialog.res
d:\winrt-2019\winrt-2019\project\sarveshchougule\forsir\client\experimentationno2\debug\mysplashscreen.res
d:\winrt-2019\winrt-2019\project\sarveshchougule\forsir\client\client\debug\client.obj
d:\winrt-2019\winrt-2019\project\sarveshchougule\forsir\client\client\debug\client.ilk
d:\winrt-2019\winrt-2019\project\sarveshchougule\forsir\client\client\debug\dialogdisplay.res
d:\winrt-2019\winrt-2019\project\sarveshchougule\forsir\client\client\debug\dialogmenu.res
d:\winrt-2019\winrt-2019\project\sarveshchougule\forsir\client\client\debug\mydialog.res
d:\winrt-2019\winrt-2019\project\sarveshchougule\forsir\client\client\debug\mysplashscreen.res
d:\winrt-2019\winrt-2019\project\sarveshchougule\forsir\client\client\debug\vc141.idb
d:\winrt-2019\winrt-2019\project\sarveshchougule\forsir\client\client\debug\client.pdb
d:\winrt-2019\winrt-2019\project\sarveshchougule\forsir\client\client\debug\vc141.pdb
d:\winrt-2019\winrt-2019\project\sarveshchougule\forsir\client\client\debug\client.exe
d:\winrt-2019\winrt-2019\project\sarveshchougule\forsir\client\client\debug\client.tlog\cl.command.1.tlog
d:\winrt-2019\winrt-2019\project\sarveshchougule\forsir\client\client\debug\client.tlog\cl.read.1.tlog
d:\winrt-2019\winrt-2019\project\sarveshchougule\forsir\client\client\debug\client.tlog\cl.write.1.tlog
d:\winrt-2019\winrt-2019\project\sarveshchougule\forsir\client\client\debug\client.tlog\link.command.1.tlog
d:\winrt-2019\winrt-2019\project\sarveshchougule\forsir\client\client\debug\client.tlog\link.read.1.tlog
d:\winrt-2019\winrt-2019\project\sarveshchougule\forsir\client\client\debug\client.tlog\link.write.1.tlog
d:\winrt-2019\winrt-2019\project\sarveshchougule\forsir\client\client\debug\client.tlog\rc.command.1.tlog
d:\winrt-2019\winrt-2019\project\sarveshchougule\forsir\client\client\debug\client.tlog\rc.read.1.tlog
d:\winrt-2019\winrt-2019\project\sarveshchougule\forsir\client\client\debug\client.tlog\rc.write.1.tlog
