c:\projects\01_ide\visual studio 2017\com\04_automation\automationserverwithregfile\release\automationserverwithregfile.lib
c:\projects\01_ide\visual studio 2017\com\04_automation\automationserverwithregfile\release\automationserverwithregfile.exp
c:\projects\01_ide\visual studio 2017\com\04_automation\automationserverwithregfile\release\automationserverwithregfile.ipdb
c:\projects\01_ide\visual studio 2017\com\04_automation\automationserverwithregfile\release\automationserverwithregfile.iobj
c:\projects\01_ide\visual studio 2017\com\04_automation\automationserverwithregfile\release\vc141.pdb
c:\projects\01_ide\visual studio 2017\com\04_automation\automationserverwithregfile\release\automationserverwithregfile.obj
c:\projects\01_ide\visual studio 2017\com\04_automation\automationserverwithregfile\release\automationserverwithregfile.dll
c:\projects\01_ide\visual studio 2017\com\04_automation\automationserverwithregfile\release\automationserverwithregfile.pdb
c:\projects\01_ide\visual studio 2017\com\04_automation\automationserver\automationserverwithregfile\release\automationserverwithregfile.obj
c:\projects\01_ide\visual studio 2017\com\04_automation\automationserver\automationserverwithregfile\release\automationserverwithregfile.ipdb
c:\projects\01_ide\visual studio 2017\com\04_automation\automationserver\automationserverwithregfile\release\automationserverwithregfile.iobj
c:\projects\01_ide\visual studio 2017\com\04_automation\automationserver\automationserverwithregfile\release\automationserverwithregfile.exp
c:\projects\01_ide\visual studio 2017\com\04_automation\automationserver\automationserverwithregfile\release\automationserverwithregfile.pdb
c:\projects\01_ide\visual studio 2017\com\04_automation\automationserver\automationserverwithregfile\release\vc141.pdb
c:\projects\01_ide\visual studio 2017\com\04_automation\automationserver\automationserverwithregfile\release\automationserverwithregfile.dll
c:\projects\01_ide\visual studio 2017\com\04_automation\automationserver\automationserverwithregfile\release\automati.16905d8c.tlog\automationserverwithregfile.write.1u.tlog
c:\projects\01_ide\visual studio 2017\com\04_automation\automationserver\automationserverwithregfile\release\automati.16905d8c.tlog\cl.command.1.tlog
c:\projects\01_ide\visual studio 2017\com\04_automation\automationserver\automationserverwithregfile\release\automati.16905d8c.tlog\cl.read.1.tlog
c:\projects\01_ide\visual studio 2017\com\04_automation\automationserver\automationserverwithregfile\release\automati.16905d8c.tlog\cl.write.1.tlog
c:\projects\01_ide\visual studio 2017\com\04_automation\automationserver\automationserverwithregfile\release\automati.16905d8c.tlog\link.command.1.tlog
c:\projects\01_ide\visual studio 2017\com\04_automation\automationserver\automationserverwithregfile\release\automati.16905d8c.tlog\link.read.1.tlog
c:\projects\01_ide\visual studio 2017\com\04_automation\automationserver\automationserverwithregfile\release\automati.16905d8c.tlog\link.write.1.tlog
